<?xml version="1.0" encoding="UTF-8"?>
<!-- Generated by org.testng.reporters.JUnitXMLReporter -->
<testsuite ignored="0" hostname="DESKTOP-JJNSGAJ" failures="0" tests="4" name="Default test" time="0.053" errors="0" timestamp="2021-11-08T11:48:36 EST">
  <testcase classname="learningtestng.SimpleTestNG" name="DPTest" time="0.006"/>
  <testcase classname="learningtestng.SimpleTestNG" name="DPTest" time="0.002"/>
  <testcase classname="learningtestng.SimpleTestNG" name="test1" time="0.002"/>
  <testcase classname="learningtestng.SimpleTestNG" name="test2" time="0.002"/>
</testsuite> <!-- Default test -->
